HTTP_REFERER was set
token NOT received!
HTTP_REFERER was set
token NOT received!
HTTP_REFERER was set
token NOT received!
HTTP_REFERER was set
token NOT received!
HTTP_REFERER was set
token NOT received!
HTTP_REFERER was set
token NOT received!
HTTP_REFERER was set
token NOT received!
HTTP_REFERER was set
token NOT received!
HTTP_REFERER was set
token NOT received!
HTTP_REFERER was set
token NOT received!
HTTP_REFERER was set24.18.153.237
Token Verified:2c278f35f815df32f87bfaf622ce2b47
Connected to Database!
00000, , 00000, , HTTP_REFERER was set24.18.153.237
Token Verified:cfe845150b202b2234afa2598a715fc6
Connected to Database!
00000, , 00000, , HTTP_REFERER was set24.18.153.237
Token Verified:17080fd80e016d057f1ccd64b9c33268
Connected to Database!
00000, , 00000, , HTTP_REFERER was set24.18.153.237
Token Verified:3366114cbbb94d67d5de04637b19aec3
Connected to Database!
00000, , 00000, , HTTP_REFERER was set24.18.153.237
Token Verified:85dde97a6bf7164eefdd027e4d7ef883
Connected to Database!
00000, , 00000, , HTTP_REFERER was set24.18.153.237
Token Verified:f311da09c02cc5b5b6ba7c0a1ae1966a
Connected to Database!
00000, , 00000, , HTTP_REFERER was set24.18.153.237
Token Verified:e25c62de3db0e9f2b6d26a54ef6d9c25
Connected to Database!
00000, , 00000, , HTTP_REFERER was set24.18.153.237
Token Verified:3073f2323dc37b3ec517f9157550cb26
Connected to Database!
00000, , 00000, , HTTP_REFERER was set24.18.153.237
Token Verified:53cb7aa7674f6aeda0cf409c6de005a2
Connected to Database!
00000, , 00000, , HTTP_REFERER was set24.18.153.237
Token Verified:b70c9c9f17be708908c63274ef455637
Connected to Database!
00000, , 00000, , HTTP_REFERER was set24.18.153.237
Token Verified:cd5211adeecbefcfacafcbe6becffe57
Connected to Database!
00000, , 00000, , HTTP_REFERER was set24.18.153.237
Token Verified:a9ca2298e58d3f30f7adeecd48912bbf
Connected to Database!
00000, , 00000, , HTTP_REFERER was set24.18.153.237
Token Verified:d35f559fb9c9577bb4d26f383047a0e2
Connected to Database!
00000, , 00000, , HTTP_REFERER was set24.18.153.237
Token Verified:19d77714b82f4a316416e424025b16bf
Connected to Database!
00000, , 00000, , HTTP_REFERER was set24.18.153.237
Token Verified:42b059ce34a24a335b1065a150be19c0
Connected to Database!
00000, , 00000, , HTTP_REFERER was set24.18.153.237
Token Verified:741fad57faa8bd07ab30ce4f4269662e
Connected to Database!
00000, , 00000, , HTTP_REFERER was set24.18.153.237
Token Verified:1d104c458ce038b67b675ad466db7549
Connected to Database!
00000, , 00000, , HTTP_REFERER was set24.18.153.237
Token Verified:9f60ea3c5df1d4803bb5a41ebba061d1
Connected to Database!
00000, , 00000, , HTTP_REFERER was set24.18.153.237
Token Verified:0960c4433a10a185fcc0f11802f1c2a7
Connected to Database!
00000, , 00000, , HTTP_REFERER was set24.18.153.237
Token Verified:e2fef9db1b23b713da95a4809a26c2bc
Connected to Database!
00000, , 00000, , HTTP_REFERER was set24.18.153.237
Token Verified:a3fb67a2ab391e0eb7e58a9010f7617d
Connected to Database!
00000, , 00000, , HTTP_REFERER was set24.18.153.237
Token Verified:f5d3c514d476fbf3b1f09bd749a66bc9
Connected to Database!
00000, , 00000, , HTTP_REFERER was set24.18.153.237
Token Verified:7b659a2f608e0af51cbe77e7d2f99750
Connected to Database!
00000, , 00000, , HTTP_REFERER was set24.18.153.237
Token Verified:1b7f89a8d31e642a26d361ccbeefc7af
Connected to Database!
00000, , 00000, , HTTP_REFERER was set24.18.153.237
Token Verified:500cac7018546cde267375fbc967eb35
Connected to Database!
00000, , 00000, , HTTP_REFERER was set24.18.153.237
Token Verified:0eb7166e983ef6a13dbfcc5de64f94f2
Connected to Database!
00000, , 00000, , HTTP_REFERER was set24.18.153.237
Token Verified:1720398443f7df5014ebd7b1aac17344
Connected to Database!
00000, , 00000, , HTTP_REFERER was set24.18.153.237
Token Verified:7f1456ee6ea4a3f81395d94c66514f9b
Connected to Database!
00000, , 00000, , HTTP_REFERER was set24.18.153.237
Token Verified:31f97956723d272cb29185863e41cfc2
Connected to Database!
00000, , 00000, , HTTP_REFERER was set24.18.153.237
Token Verified:378e1c9b2aaf4c510c4e57f07ff4c5d5
Connected to Database!
00000, , 00000, , HTTP_REFERER was set24.18.153.237
Token Verified:cb1b1ece4b0c0e2a56a6a3c748be1d23
Connected to Database!
00000, , 00000, , HTTP_REFERER was set24.18.153.237
Token Verified:eb787ca6c173b687b11e3e567e5d82b1
Connected to Database!
00000, , 00000, , HTTP_REFERER was set24.18.153.237
Token Verified:60c757db5c70886890c1be26b809a959
Connected to Database!
00000, , 00000, , HTTP_REFERER was set24.18.153.237
Token Verified:a2febc2af8d686bdeab8f9de75dd9830
Connected to Database!
00000, , 00000, , HTTP_REFERER was set24.18.153.237
Token Verified:22ee02cdf9d5cb98eac4d6f697b603ef
Connected to Database!
00000, , 00000, , HTTP_REFERER was set24.18.153.237
Token Verified:43029475d7de3ba66820b77fb159220d
Connected to Database!
00000, , 00000, , HTTP_REFERER was set24.18.153.237
Token Verified:2036035ed1064b89870eb16038ac2540
Connected to Database!
00000, , 00000, , HTTP_REFERER was set24.18.153.237
Token Verified:d5cc616128cbaa3cce2482fe8e0f1ffe
Connected to Database!
00000, , 00000, , HTTP_REFERER was set24.18.153.237
Token Verified:03c77f0d40efe675cb8a261efd47e8e2
Connected to Database!
00000, , 00000, , HTTP_REFERER was set24.18.153.237
Token Verified:d181405e34f0f746242a0537ce6450ef
Connected to Database!
00000, , 00000, , HTTP_REFERER was set24.18.153.237
Token Verified:5c2915057e231f8654b2120b0d20e250
Connected to Database!
00000, , 00000, , HTTP_REFERER was set24.18.153.237
Token Verified:f5ecf50f6dc8ae5606563a56f4018ff6
Connected to Database!
00000, , 00000, , HTTP_REFERER was set24.18.153.237
Token Verified:a5157c6a579d3ccc5e5ef237b20adb02
Connected to Database!
00000, , 00000, , HTTP_REFERER was set24.18.153.237
Token Verified:d033a3ab95dfe96f05665c6f0e8bbecd
Connected to Database!
00000, , 00000, , HTTP_REFERER was set24.18.153.237
Token Verified:377878bb309d405f50ad9cf795f238f0
Connected to Database!
00000, , 00000, , HTTP_REFERER was set24.18.153.237
Token Verified:2be93205c5611544f8b9e3739b4c215c
Connected to Database!
00000, , 00000, , HTTP_REFERER was set24.18.153.237
Token Verified:dde744d6f2d557abb61b119c1eacd404
Connected to Database!
00000, , 00000, , HTTP_REFERER was set24.18.153.237
Token Verified:506f0c903148873df13b76e37ee905c6
Connected to Database!
00000, , 00000, , HTTP_REFERER was set24.18.153.237
Token Verified:8b29f539d8eda5b6c82512d3cbd3b4c8
Connected to Database!
00000, , 00000, , HTTP_REFERER was set24.18.153.237
Token Verified:33700c2857cbca08c9b3780b010dcc89
Connected to Database!
00000, , 00000, , HTTP_REFERER was set24.18.153.237
Token Verified:2b89587b89e029e940913987153d619a
Connected to Database!
00000, , 00000, , HTTP_REFERER was set24.18.153.237
Token Verified:9449c8f8d8040817e9a01cc0d6c7f9fd
Connected to Database!
00000, , 00000, , HTTP_REFERER was set24.18.153.237
Token Verified:371ef3ff4f52812429c8e5b817565378
Connected to Database!
00000, , 00000, , HTTP_REFERER was set24.18.153.237
Token Verified:4ea94517f4fabd1562f4b1d7ee3f8e3d
Connected to Database!
00000, , 00000, , HTTP_REFERER was set24.18.153.237
Token Verified:3c57fba3714a88c28d3346b348fd4e5b
Connected to Database!
00000, , 00000, , HTTP_REFERER was set24.18.153.237
Token Verified:6fb913b1e1291a6ab059e5e70b254a79
Connected to Database!
00000, , 00000, , HTTP_REFERER was set24.18.153.237
Token Verified:ac9bd67367d2e245bb07a19f40008b94
Connected to Database!
00000, , 00000, , HTTP_REFERER was set24.18.153.237
Token Verified:9070fbda87b5934b0fa5806acf5061f5
Connected to Database!
00000, , 00000, , HTTP_REFERER was set24.18.153.237
Token Verified:8e61f24963c4964104e7b5c98c25a59e
Connected to Database!
00000, , 00000, , HTTP_REFERER was set24.18.153.237
Token Verified:207421b6dcbf32b42718ad59c20feb8d
Connected to Database!
00000, , 00000, , HTTP_REFERER was set24.18.153.237
Token Verified:aeecec7e8fac19b287546bd8881ee074
Connected to Database!
00000, , 00000, , HTTP_REFERER was set24.18.153.237
Token Verified:6f0c6ee645c2f4c4db689f9e2e39d2f2
Connected to Database!
00000, , 00000, , HTTP_REFERER was set24.18.153.237
Token Verified:34a7c4fbbd323747a410a3fac5325556
Connected to Database!
00000, , 00000, , HTTP_REFERER was set24.18.153.237
Token Verified:b17b3c283d3b6fe41c6194ae9eae4c73
Connected to Database!
00000, , 00000, , HTTP_REFERER was set24.18.153.237
Token Verified:245ddba4c8fa2cb8908b4b5846e52aa8
Connected to Database!
00000, , 00000, , HTTP_REFERER was set24.18.153.237
Token Verified:69c17e0952ad7defce0ddbe72c4f62ac
Connected to Database!
00000, , 00000, , HTTP_REFERER was set24.18.153.237
Token Verified:664e619a7d27ca739f9be36e2d4b0666
Connected to Database!
00000, , 00000, , HTTP_REFERER was set24.18.153.237
Token Verified:c2c1a7ebe4568369fa56b69623f5ceef
Connected to Database!
00000, , 00000, , HTTP_REFERER was set24.18.153.237
Token Verified:33a175720c16fa1c8a604366602f3408
Connected to Database!
00000, , 00000, , HTTP_REFERER was set24.18.153.237
Token Verified:4f4a613d7ad352631c82cb938daaacd1
Connected to Database!
00000, , 00000, , HTTP_REFERER was set24.18.153.237
Token Verified:8fd3712d1d54ecf9865ca9a4d2e5c2c6
Connected to Database!
00000, , 00000, , HTTP_REFERER was set24.18.153.237
Token Verified:735669da662152ba71f849a9b1fde516
Connected to Database!
00000, , 00000, , HTTP_REFERER was set24.18.153.237
Token Verified:770c48a48b804286cd36b64cfcbbda7b
Connected to Database!
00000, , 00000, , HTTP_REFERER was set24.18.153.237
Token Verified:905ba645a0bd271139bd8edd2b025271
Connected to Database!
00000, , 00000, , HTTP_REFERER was set24.18.153.237
Token Verified:d5a4f582a0c65e2f68e03cf7015fb3be
Connected to Database!
00000, , 00000, , HTTP_REFERER was set24.18.153.237
Token Verified:5544f72e66b64286817c65c069cd834a
Connected to Database!
00000, , 00000, , HTTP_REFERER was set24.18.153.237
Token Verified:e5079d76a490c4fca124f84a9b835c26
Connected to Database!
00000, , 00000, , HTTP_REFERER was set24.18.153.237
Token Verified:a97550f9a8da6735f3e22a230e820d96
Connected to Database!
00000, , 00000, , HTTP_REFERER was set24.18.153.237
Token Verified:498f6893101aa8e1052ebe5d3a5ca5a2
Connected to Database!
00000, , 00000, , HTTP_REFERER was set24.18.153.237
Token Verified:310fb871246c3bb7badf24807e4858cc
Connected to Database!
00000, , 00000, , HTTP_REFERER was set24.18.153.237
Token Verified:701f153076884cd229586d7e37c18e74
Connected to Database!
00000, , 00000, , HTTP_REFERER was set24.18.153.237
Token Verified:f579fb98cdc6cad7985b680604b0c119
Connected to Database!
00000, , 00000, , HTTP_REFERER was set24.18.153.237
Token Verified:c6a9cbe53b5136d5f29f33c7535ebebf
Connected to Database!
00000, , 00000, , HTTP_REFERER was set24.18.153.237
Token Verified:0067b1988b05e7d0f929b7c5e160849b
Connected to Database!
00000, , 00000, , HTTP_REFERER was set24.18.153.237
Token Verified:1a625fcf1463006a96fcd1463c697d51
Connected to Database!
00000, , 00000, , HTTP_REFERER was set24.18.153.237
Token Verified:62c7cc1641c9e170a97cdf563f5311ba
Connected to Database!
00000, , 00000, , HTTP_REFERER was set24.18.153.237
Token Verified:2568a9beda1795c22f4405609f008ab2
Connected to Database!
00000, , 00000, , HTTP_REFERER was set24.18.153.237
Token Verified:2d6ccd2deede1afe56a8a3758a4ae518
Connected to Database!
00000, , 00000, , HTTP_REFERER was set24.18.153.237
Token Verified:4f7b1eb515f05476ea0db9431cfaac48
Connected to Database!
00000, , 00000, , HTTP_REFERER was set24.18.153.237
Token Verified:0cd8988d39c9260b6562aada0c1e2c6a
Connected to Database!
00000, , 00000, , HTTP_REFERER was set24.18.153.237
Token Verified:94a7c483dfa678ac9e3b104ec4330c08
Connected to Database!
00000, , 00000, , HTTP_REFERER was set24.18.153.237
Token Verified:0d3323873e8db1051edab84ac7c4f4aa
Connected to Database!
00000, , 00000, , HTTP_REFERER was set24.18.153.237
Token Verified:f4717f1a72d7d6eba92a743075cfee5e
Connected to Database!
00000, , 00000, , HTTP_REFERER was set24.18.153.237
Token Verified:f2e6cfa25066dea1ba495c7abed72640
Connected to Database!
00000, , 00000, , HTTP_REFERER was set24.18.153.237
Token Verified:08a72ef981da5b242a7b5888eba21899
Connected to Database!
00000, , 00000, , HTTP_REFERER was set24.18.153.237
Token Verified:7c9044a545dd0789ab48644f29b17f80
Connected to Database!
00000, , 00000, , HTTP_REFERER was set24.18.153.237
Token Verified:1741c4f84bb3a18cde90daf3e85171f5
Connected to Database!
00000, , 00000, , HTTP_REFERER was set24.18.153.237
Token Verified:510178d067899e26a4bdc78a393f5101
Connected to Database!
00000, , 00000, , HTTP_REFERER was set24.18.153.237
Token Verified:1b224b43daf9df6545b8e9dbf225c394
Connected to Database!
00000, , 00000, , HTTP_REFERER was set24.18.153.237
Token Verified:2f88276f96ef6a34999f82d645b4e1bc
Connected to Database!
00000, , 00000, , HTTP_REFERER was set24.18.153.237
Token Verified:783fe50510b3b24bc4b20fd8addbfc13
Connected to Database!
00000, , 00000, , HTTP_REFERER was set24.18.153.237
Token Verified:6e601aa83d7a4e24fc4d466b9a35de71
Connected to Database!
00000, , 00000, , HTTP_REFERER was set24.18.153.237
Token Verified:782d5b48a6dee1971319d98c58c91f61
Connected to Database!
00000, , 00000, , HTTP_REFERER was set24.18.153.237
Token Verified:f70c418154fb8bb9ebfa40724cf01772
Connected to Database!
00000, , 00000, , HTTP_REFERER was set24.18.153.237
Token Verified:bae7edfda47fec9e03ae58e43c244586
Connected to Database!
00000, , 00000, , HTTP_REFERER was set24.18.153.237
Token Verified:7ca5c206764ed3c7e2cb92323aa6e765
Connected to Database!
00000, , 00000, , HTTP_REFERER was set24.18.153.237
Token Verified:02556cc983c43da081a8ee3950066897
Connected to Database!
00000, , 00000, , HTTP_REFERER was set24.18.153.237
Token Verified:7b637f04d40223fe7b6c79c9a37a8e22
Connected to Database!
00000, , 00000, , HTTP_REFERER was set24.18.153.237
Token Verified:abdf6525cc913daf32264088a30a37fc
Connected to Database!
00000, , 00000, , HTTP_REFERER was set24.18.153.237
Token Verified:6e6a2488fd390449f2d6eeeb34aa390a
Connected to Database!
00000, , 00000, , HTTP_REFERER was set24.18.153.237
Token Verified:9987be33f2893d87de8cc525bd79a5df
Connected to Database!
00000, , 00000, , HTTP_REFERER was set24.18.153.237
Token Verified:743a2ce1f999259337333e426bacb7b1
Connected to Database!
00000, , 00000, , HTTP_REFERER was set24.18.153.237
Token Verified:09aa62c70b97f79d8f2efda011e882e1
Connected to Database!
00000, , 00000, , HTTP_REFERER was set24.18.153.237
Token Verified:47375d17e813990ad576458c3159ae25
Connected to Database!
00000, , 00000, , HTTP_REFERER was set24.18.153.237
Token Verified:6f08a3fcc8bf5ab9ec4e7769bc0610ed
Connected to Database!
00000, , 00000, , HTTP_REFERER was set24.18.153.237
Token Verified:783db9e2966e0334a432ec365883983c
Connected to Database!
00000, , 00000, , HTTP_REFERER was set24.18.153.237
Token Verified:dd53d561f54006d8e0742dfbec9884cb
Connected to Database!
00000, , 00000, , HTTP_REFERER was set24.18.153.237
Token Verified:d22b17a5cbc6441cd2d492370f6ab1d0
Connected to Database!
00000, , 00000, , HTTP_REFERER was set24.18.153.237
Token Verified:1b0a8a3f201935b6d22765c8d609bae7
Connected to Database!
00000, , 00000, , HTTP_REFERER was set24.18.153.237
Token Verified:0dc7c73be2718e748eb42d30e64c7261
Connected to Database!
00000, , 00000, , HTTP_REFERER was set24.18.153.237
Token Verified:48ec9399be92990e729d26f6ec201b2d
Connected to Database!
00000, , 00000, , HTTP_REFERER was set24.18.153.237
Token Verified:a7f01eefbd44daee862e46bdf5609453
Connected to Database!
00000, , 00000, , HTTP_REFERER was set24.18.153.237
Token Verified:a6b37d64ff17e19bcb3733b3cf022c54
Connected to Database!
00000, , 00000, , HTTP_REFERER was set24.18.153.237
Token Verified:5bbe20fefce15b747ab0c0f490237ca9
Connected to Database!
00000, , 00000, , HTTP_REFERER was set24.18.153.237
Token Verified:7c5ef844dec6ba17f8b2c5574e4c49de
Connected to Database!
00000, , 00000, , HTTP_REFERER was set24.18.153.237
Token Verified:a66398c3b4eb34629dccf9cafc2eb971
Connected to Database!
00000, , 00000, , HTTP_REFERER was set24.18.153.237
Token Verified:dc8e7d25501f6a5ff6be91cf03f0e58d
Connected to Database!
00000, , 00000, , HTTP_REFERER was set24.18.153.237
Token Verified:4472adac40d88d84e4eaa425093d5774
Connected to Database!
00000, , 00000, , HTTP_REFERER was set24.18.153.237
Token Verified:a75d75fa7346e8738b9be187e37e81f9
Connected to Database!
00000, , 00000, , HTTP_REFERER was set24.18.153.237
Token Verified:05e40f86cf9d400ad164b060bb7981f1
Connected to Database!
00000, , 00000, , HTTP_REFERER was set24.18.153.237
Token Verified:d91a8fc2d28145974ffa38bacd1d7286
Connected to Database!
00000, , 00000, , HTTP_REFERER was set24.18.153.237
Token Verified:071f19bff39f1df7451b1ad185237050
Connected to Database!
00000, , 00000, , HTTP_REFERER was set24.18.153.237
Token Verified:a53b45cdc6730e10d5ad1f34c71e3313
Connected to Database!
00000, , 00000, , HTTP_REFERER was set24.18.153.237
Token Verified:207240b7baf5b6575561d65e9c70630b
Connected to Database!
00000, , 00000, , HTTP_REFERER was set24.18.153.237
Token Verified:973406c3bbf5f7628ad15208a5c93252
Connected to Database!
00000, , 00000, , HTTP_REFERER was set24.18.153.237
Token Verified:5db35df6e53771647d8e75008b5a5589
Connected to Database!
00000, , 00000, , HTTP_REFERER was set24.18.153.237
Token Verified:f7b0e1bc97bfd5ce5f8119aebac30043
Connected to Database!
00000, , 00000, , HTTP_REFERER was set24.18.153.237
Token Verified:007570099ad059125dfa21f8c8e09a5b
Connected to Database!
00000, , 00000, , HTTP_REFERER was set24.18.153.237
Token Verified:8400881edf13794f2d0623e640a55e47
Connected to Database!
00000, , 00000, , HTTP_REFERER was set24.18.153.237
Token Verified:859aaa671479053bee30f1c8503d3a34
Connected to Database!
00000, , 00000, , HTTP_REFERER was NOT set
HTTP_REFERER:http://madeinkent.greenrivertech.net/
HTTP_REFERER:http://madeinkent.greenrivertech.net/
HTTP_REFERER:http://madeinkent.greenrivertech.net/
HTTP_REFERER:http://madeinkent.greenrivertech.net/
HTTP_REFERER:http://madeinkent.greenrivertech.net/
HTTP_REFERER:http://madeinkent.greenrivertech.net/
HTTP_REFERER:http://madeinkent.greenrivertech.net/
HTTP_REFERER:http://madeinkent.greenrivertech.net/
HTTP_REFERER:http://madeinkent.greenrivertech.net/
HTTP_REFERER:http://madeinkent.greenrivertech.net/
HTTP_REFERER:http://madeinkent.greenrivertech.net/
HTTP_REFERER:http://madeinkent.greenrivertech.net/
HTTP_REFERER:http://madeinkent.greenrivertech.net/
HTTP_REFERER:http://madeinkent.greenrivertech.net/
HTTP_REFERER:http://madeinkent.greenrivertech.net/
HTTP_REFERER:http://madeinkent.greenrivertech.net/
HTTP_REFERER:http://madeinkent.greenrivertech.net/
HTTP_REFERER:http://madeinkent.greenrivertech.net/
HTTP_REFERER:http://madeinkent.greenrivertech.net/
HTTP_REFERER:http://madeinkent.greenrivertech.net/
HTTP_REFERER:http://madeinkent.greenrivertech.net/
HTTP_REFERER:http://madeinkent.greenrivertech.net/
HTTP_REFERER:http://madeinkent.greenrivertech.net/
HTTP_REFERER:http://madeinkent.greenrivertech.net/
HTTP_REFERER:http://madeinkent.greenrivertech.net/
HTTP_REFERER:http://madeinkent.greenrivertech.net/
HTTP_REFERER:http://madeinkent.greenrivertech.net/
HTTP_REFERER:http://madeinkent.greenrivertech.net/
HTTP_REFERER:http://madeinkent.greenrivertech.net/
HTTP_REFERER:http://madeinkent.greenrivertech.net/
HTTP_REFERER:http://madeinkent.greenrivertech.net/
HTTP_REFERER:http://madeinkent.greenrivertech.net/
HTTP_REFERER:http://madeinkent.greenrivertech.net/
HTTP_REFERER:http://madeinkent.greenrivertech.net/
HTTP_REFERER:http://madeinkent.greenrivertech.net/
HTTP_REFERER:http://madeinkent.greenrivertech.net/
HTTP_REFERER:http://madeinkent.greenrivertech.net/
HTTP_REFERER:http://madeinkent.greenrivertech.net/
HTTP_REFERER:http://madeinkent.greenrivertech.net/
HTTP_REFERER:http://madeinkent.greenrivertech.net/
HTTP_REFERER:http://madeinkent.greenrivertech.net/
HTTP_REFERER:http://madeinkent.greenrivertech.net/
HTTP_REFERER:http://madeinkent.greenrivertech.net/
HTTP_REFERER:http://madeinkent.greenrivertech.net/
HTTP_REFERER:http://madeinkent.greenrivertech.net/
HTTP_REFERER:http://madeinkent.greenrivertech.net/
HTTP_REFERER:http://madeinkent.greenrivertech.net/
HTTP_REFERER:http://madeinkent.greenrivertech.net/
HTTP_REFERER:http://madeinkent.greenrivertech.net/
HTTP_REFERER:http://madeinkent.greenrivertech.net/
HTTP_REFERER:http://madeinkent.greenrivertech.net/
HTTP_REFERER:http://madeinkent.greenrivertech.net/
HTTP_REFERER:http://madeinkent.greenrivertech.net/
HTTP_REFERER:http://madeinkent.greenrivertech.net/
HTTP_REFERER:http://madeinkent.greenrivertech.net/
HTTP_REFERER:http://madeinkent.greenrivertech.net/
HTTP_REFERER:http://madeinkent.greenrivertech.net/
HTTP_REFERER:http://madeinkent.greenrivertech.net/
HTTP_REFERER:http://madeinkent.greenrivertech.net/
HTTP_REFERER:http://madeinkent.greenrivertech.net/
HTTP_REFERER:http://madeinkent.greenrivertech.net/
HTTP_REFERER:http://madeinkent.greenrivertech.net/
HTTP_REFERER:http://madeinkent.greenrivertech.net/
HTTP_REFERER:http://madeinkent.greenrivertech.net/
HTTP_REFERER:http://madeinkent.greenrivertech.net/
HTTP_REFERER:http://madeinkent.greenrivertech.net/
HTTP_REFERER:http://madeinkent.greenrivertech.net/
HTTP_REFERER:http://madeinkent.greenrivertech.net/
HTTP_REFERER:http://madeinkent.greenrivertech.net/
HTTP_REFERER:http://madeinkent.greenrivertech.net/
HTTP_REFERER:http://madeinkent.greenrivertech.net/
HTTP_REFERER:http://madeinkent.greenrivertech.net/
HTTP_REFERER:http://madeinkent.greenrivertech.net/
HTTP_REFERER:http://madeinkent.greenrivertech.net/
HTTP_REFERER:http://madeinkent.greenrivertech.net/
HTTP_REFERER:http://madeinkent.greenrivertech.net/
HTTP_REFERER:http://madeinkent.greenrivertech.net/
HTTP_REFERER:http://madeinkent.greenrivertech.net/
HTTP_REFERER:http://madeinkent.greenrivertech.net/
HTTP_REFERER:http://madeinkent.greenrivertech.net/
HTTP_REFERER:http://madeinkent.greenrivertech.net/
HTTP_REFERER:http://madeinkent.greenrivertech.net/
HTTP_REFERER:http://madeinkent.greenrivertech.net/
HTTP_REFERER:http://madeinkent.greenrivertech.net/
HTTP_REFERER:http://madeinkent.greenrivertech.net/
HTTP_REFERER:http://madeinkent.greenrivertech.net/
HTTP_REFERER:http://madeinkent.greenrivertech.net/
HTTP_REFERER:http://madeinkent.greenrivertech.net/
HTTP_REFERER:http://madeinkent.greenrivertech.net/
HTTP_REFERER:http://madeinkent.greenrivertech.net/
HTTP_REFERER:http://madeinkent.greenrivertech.net/
HTTP_REFERER:http://madeinkent.greenrivertech.net/
HTTP_REFERER:http://madeinkent.greenrivertech.net/
HTTP_REFERER:http://madeinkent.greenrivertech.net/
HTTP_REFERER:http://madeinkent.greenrivertech.net/
HTTP_REFERER:http://madeinkent.greenrivertech.net/
HTTP_REFERER:http://madeinkent.greenrivertech.net/
HTTP_REFERER:http://madeinkent.greenrivertech.net/
HTTP_REFERER:http://madeinkent.greenrivertech.net/
HTTP_REFERER:http://madeinkent.greenrivertech.net/
HTTP_REFERER:http://madeinkent.greenrivertech.net/
HTTP_REFERER:http://madeinkent.greenrivertech.net/
HTTP_REFERER:http://madeinkent.greenrivertech.net/
HTTP_REFERER:http://madeinkent.greenrivertech.net/
HTTP_REFERER:http://madeinkent.greenrivertech.net/
HTTP_REFERER:http://madeinkent.greenrivertech.net/
HTTP_REFERER:http://madeinkent.greenrivertech.net/
HTTP_REFERER:http://madeinkent.greenrivertech.net/
HTTP_REFERER:http://madeinkent.greenrivertech.net/
HTTP_REFERER:http://madeinkent.greenrivertech.net/
HTTP_REFERER:http://madeinkent.greenrivertech.net/
HTTP_REFERER:http://madeinkent.greenrivertech.net/
HTTP_REFERER:http://madeinkent.greenrivertech.net/
HTTP_REFERER:http://madeinkent.greenrivertech.net/
HTTP_REFERER:http://madeinkent.greenrivertech.net/
HTTP_REFERER:http://madeinkent.greenrivertech.net/
HTTP_REFERER:http://madeinkent.greenrivertech.net/
HTTP_REFERER:http://madeinkent.greenrivertech.net/
HTTP_REFERER:http://madeinkent.greenrivertech.net/
HTTP_REFERER:http://madeinkent.greenrivertech.net/
HTTP_REFERER:http://madeinkent.greenrivertech.net/
HTTP_REFERER:http://madeinkent.greenrivertech.net/
HTTP_REFERER:http://madeinkent.greenrivertech.net/
HTTP_REFERER:http://madeinkent.greenrivertech.net/
HTTP_REFERER:http://madeinkent.greenrivertech.net/
HTTP_REFERER:http://madeinkent.greenrivertech.net/
HTTP_REFERER:http://madeinkent.greenrivertech.net/
HTTP_REFERER:http://madeinkent.greenrivertech.net/
HTTP_REFERER:http://madeinkent.greenrivertech.net/
HTTP_REFERER:http://madeinkent.greenrivertech.net/
HTTP_REFERER:http://madeinkent.greenrivertech.net/
HTTP_REFERER:http://madeinkent.greenrivertech.net/
HTTP_REFERER:http://madeinkent.greenrivertech.net/
HTTP_REFERER:http://madeinkent.greenrivertech.net/
HTTP_REFERER:http://madeinkent.greenrivertech.net/
HTTP_REFERER:http://madeinkent.greenrivertech.net/
HTTP_REFERER:http://madeinkent.greenrivertech.net/
HTTP_REFERER:http://madeinkent.greenrivertech.net/
HTTP_REFERER:http://madeinkent.greenrivertech.net/
HTTP_REFERER:http://madeinkent.greenrivertech.net/
HTTP_REFERER:http://madeinkent.greenrivertech.net/
HTTP_REFERER:http://madeinkent.greenrivertech.net/
HTTP_REFERER:http://madeinkent.greenrivertech.net/
HTTP_REFERER:http://madeinkent.greenrivertech.net/
HTTP_REFERER:http://madeinkent.greenrivertech.net/
HTTP_REFERER:http://madeinkent.greenrivertech.net/
HTTP_REFERER:http://madeinkent.greenrivertech.net/
HTTP_REFERER:http://madeinkent.greenrivertech.net/
HTTP_REFERER:http://madeinkent.greenrivertech.net/
HTTP_REFERER:http://madeinkent.greenrivertech.net/
HTTP_REFERER:http://madeinkent.greenrivertech.net/
HTTP_REFERER:http://madeinkent.greenrivertech.net/
HTTP_REFERER:http://madeinkent.greenrivertech.net/
HTTP_REFERER:http://madeinkent.greenrivertech.net/
HTTP_REFERER:http://madeinkent.greenrivertech.net/
HTTP_REFERER:http://madeinkent.greenrivertech.net/
HTTP_REFERER:http://madeinkent.greenrivertech.net/
HTTP_REFERER:http://madeinkent.greenrivertech.net/
HTTP_REFERER:http://madeinkent.greenrivertech.net/
HTTP_REFERER:http://madeinkent.greenrivertech.net/
HTTP_REFERER:http://madeinkent.greenrivertech.net/
HTTP_REFERER:http://madeinkent.greenrivertech.net/
HTTP_REFERER:http://madeinkent.greenrivertech.net/
HTTP_REFERER:http://madeinkent.greenrivertech.net/
HTTP_REFERER:http://madeinkent.greenrivertech.net/
HTTP_REFERER:http://madeinkent.greenrivertech.net/
HTTP_REFERER:http://madeinkent.greenrivertech.net/
HTTP_REFERER:http://madeinkent.greenrivertech.net/
HTTP_REFERER:http://madeinkent.greenrivertech.net/
HTTP_REFERER:http://madeinkent.greenrivertech.net/
HTTP_REFERER:http://madeinkent.greenrivertech.net/
HTTP_REFERER:http://madeinkent.greenrivertech.net/
HTTP_REFERER:http://madeinkent.greenrivertech.net/
HTTP_REFERER:http://madeinkent.greenrivertech.net/
HTTP_REFERER:http://madeinkent.greenrivertech.net/
HTTP_REFERER:http://madeinkent.greenrivertech.net/
HTTP_REFERER:http://madeinkent.greenrivertech.net/
HTTP_REFERER:http://madeinkent.greenrivertech.net/
HTTP_REFERER:http://madeinkent.greenrivertech.net/
HTTP_REFERER:http://madeinkent.greenrivertech.net/
HTTP_REFERER:http://madeinkent.greenrivertech.net/
HTTP_REFERER:http://madeinkent.greenrivertech.net/
HTTP_REFERER:http://madeinkent.greenrivertech.net/
HTTP_REFERER:http://madeinkent.greenrivertech.net/
HTTP_REFERER:http://madeinkent.greenrivertech.net/
HTTP_REFERER:http://madeinkent.greenrivertech.net/
HTTP_REFERER:http://madeinkent.greenrivertech.net/
HTTP_REFERER:http://madeinkent.greenrivertech.net/
HTTP_REFERER:http://madeinkent.greenrivertech.net/
HTTP_REFERER:http://madeinkent.greenrivertech.net/
HTTP_REFERER:http://madeinkent.greenrivertech.net/
HTTP_REFERER:http://madeinkent.greenrivertech.net/
HTTP_REFERER:http://madeinkent.greenrivertech.net/
HTTP_REFERER:http://madeinkent.greenrivertech.net/
HTTP_REFERER:http://madeinkent.greenrivertech.net/
HTTP_REFERER:http://madeinkent.greenrivertech.net/
HTTP_REFERER:http://madeinkent.greenrivertech.net/
HTTP_REFERER:http://madeinkent.greenrivertech.net/
HTTP_REFERER:http://madeinkent.greenrivertech.net/
HTTP_REFERER:http://madeinkent.greenrivertech.net/
HTTP_REFERER:http://madeinkent.greenrivertech.net/
HTTP_REFERER:http://madeinkent.greenrivertech.net/
HTTP_REFERER:http://madeinkent.greenrivertech.net/
HTTP_REFERER:http://madeinkent.greenrivertech.net/
HTTP_REFERER:http://madeinkent.greenrivertech.net/
HTTP_REFERER:http://madeinkent.greenrivertech.net/
HTTP_REFERER:http://madeinkent.greenrivertech.net/
HTTP_REFERER:http://madeinkent.greenrivertech.net/
HTTP_REFERER:http://madeinkent.greenrivertech.net/
HTTP_REFERER:http://madeinkent.greenrivertech.net/
HTTP_REFERER:http://madeinkent.greenrivertech.net/
HTTP_REFERER:http://madeinkent.greenrivertech.net/
HTTP_REFERER:http://madeinkent.greenrivertech.net/
HTTP_REFERER:http://madeinkent.greenrivertech.net/
HTTP_REFERER:http://madeinkent.greenrivertech.net/
HTTP_REFERER:http://madeinkent.greenrivertech.net/
HTTP_REFERER:http://madeinkent.greenrivertech.net/
HTTP_REFERER:http://madeinkent.greenrivertech.net/
HTTP_REFERER:http://madeinkent.greenrivertech.net/
HTTP_REFERER:http://madeinkent.greenrivertech.net/
HTTP_REFERER:http://madeinkent.greenrivertech.net/
HTTP_REFERER:http://madeinkent.greenrivertech.net/
HTTP_REFERER:http://madeinkent.greenrivertech.net/
HTTP_REFERER:http://madeinkent.greenrivertech.net/
HTTP_REFERER:http://madeinkent.greenrivertech.net/
HTTP_REFERER:http://madeinkent.greenrivertech.net/
HTTP_REFERER:http://madeinkent.greenrivertech.net/
HTTP_REFERER:http://madeinkent.greenrivertech.net/
HTTP_REFERER:http://madeinkent.greenrivertech.net/
HTTP_REFERER:http://madeinkent.greenrivertech.net/
HTTP_REFERER:http://madeinkent.greenrivertech.net/
HTTP_REFERER:http://madeinkent.greenrivertech.net/
HTTP_REFERER:http://madeinkent.greenrivertech.net/
HTTP_REFERER:http://madeinkent.greenrivertech.net/
HTTP_REFERER:http://madeinkent.greenrivertech.net/
HTTP_REFERER:http://madeinkent.greenrivertech.net/
HTTP_REFERER:http://madeinkent.greenrivertech.net/
HTTP_REFERER:http://madeinkent.greenrivertech.net/
HTTP_REFERER:http://madeinkent.greenrivertech.net/
HTTP_REFERER:http://madeinkent.greenrivertech.net/
HTTP_REFERER:http://madeinkent.greenrivertech.net/
HTTP_REFERER:http://madeinkent.greenrivertech.net/
HTTP_REFERER:http://madeinkent.greenrivertech.net/
HTTP_REFERER:http://madeinkent.greenrivertech.net/
HTTP_REFERER:http://madeinkent.greenrivertech.net/
HTTP_REFERER:http://madeinkent.greenrivertech.net/
HTTP_REFERER:http://madeinkent.greenrivertech.net/
HTTP_REFERER:http://madeinkent.greenrivertech.net/
HTTP_REFERER:http://madeinkent.greenrivertech.net/
HTTP_REFERER:http://madeinkent.greenrivertech.net/
HTTP_REFERER:http://madeinkent.greenrivertech.net/
HTTP_REFERER:http://madeinkent.greenrivertech.net/
HTTP_REFERER:http://madeinkent.greenrivertech.net/
HTTP_REFERER:http://madeinkent.greenrivertech.net/
HTTP_REFERER:http://madeinkent.greenrivertech.net/
HTTP_REFERER:http://madeinkent.greenrivertech.net/
HTTP_REFERER:http://madeinkent.greenrivertech.net/
HTTP_REFERER:http://madeinkent.greenrivertech.net/
HTTP_REFERER:http://madeinkent.greenrivertech.net/
HTTP_REFERER:http://madeinkent.greenrivertech.net/
HTTP_REFERER:http://madeinkent.greenrivertech.net/
HTTP_REFERER:http://madeinkent.greenrivertech.net/
HTTP_REFERER:http://madeinkent.greenrivertech.net/
HTTP_REFERER:http://madeinkent.greenrivertech.net/
HTTP_REFERER:http://madeinkent.greenrivertech.net/
HTTP_REFERER:http://madeinkent.greenrivertech.net/
HTTP_REFERER:http://madeinkent.greenrivertech.net/
HTTP_REFERER:http://madeinkent.greenrivertech.net/
HTTP_REFERER:http://madeinkent.greenrivertech.net/
HTTP_REFERER:http://madeinkent.greenrivertech.net/
HTTP_REFERER:http://madeinkent.greenrivertech.net/
HTTP_REFERER:http://madeinkent.greenrivertech.net/
HTTP_REFERER:http://madeinkent.greenrivertech.net/
HTTP_REFERER:http://madeinkent.greenrivertech.net/
HTTP_REFERER:http://madeinkent.greenrivertech.net/
HTTP_REFERER:http://madeinkent.greenrivertech.net/
HTTP_REFERER:http://madeinkent.greenrivertech.net/
HTTP_REFERER:http://madeinkent.greenrivertech.net/
HTTP_REFERER:http://madeinkent.greenrivertech.net/
HTTP_REFERER:http://madeinkent.greenrivertech.net/
HTTP_REFERER:http://madeinkent.greenrivertech.net/
HTTP_REFERER:http://madeinkent.greenrivertech.net/
HTTP_REFERER:http://madeinkent.greenrivertech.net/
HTTP_REFERER:http://madeinkent.greenrivertech.net/
HTTP_REFERER:http://madeinkent.greenrivertech.net/
HTTP_REFERER:http://madeinkent.greenrivertech.net/
HTTP_REFERER:http://madeinkent.greenrivertech.net/
HTTP_REFERER:http://madeinkent.greenrivertech.net/
HTTP_REFERER:http://madeinkent.greenrivertech.net/
HTTP_REFERER:http://madeinkent.greenrivertech.net/
HTTP_REFERER:http://madeinkent.greenrivertech.net/
HTTP_REFERER:http://madeinkent.greenrivertech.net/
HTTP_REFERER:http://madeinkent.greenrivertech.net/
HTTP_REFERER:http://madeinkent.greenrivertech.net/
HTTP_REFERER:http://madeinkent.greenrivertech.net/
HTTP_REFERER:http://madeinkent.greenrivertech.net/
HTTP_REFERER:http://madeinkent.greenrivertech.net/
HTTP_REFERER:http://madeinkent.greenrivertech.net/
HTTP_REFERER:http://madeinkent.greenrivertech.net/
HTTP_REFERER:http://madeinkent.greenrivertech.net/
HTTP_REFERER:http://madeinkent.greenrivertech.net/
HTTP_REFERER:http://madeinkent.greenrivertech.net/
HTTP_REFERER:http://madeinkent.greenrivertech.net/
HTTP_REFERER:http://madeinkent.greenrivertech.net/
HTTP_REFERER:http://madeinkent.greenrivertech.net/
HTTP_REFERER:http://madeinkent.greenrivertech.net/
HTTP_REFERER:http://madeinkent.greenrivertech.net/
HTTP_REFERER:http://madeinkent.greenrivertech.net/
HTTP_REFERER:http://madeinkent.greenrivertech.net/
HTTP_REFERER:http://madeinkent.greenrivertech.net/
HTTP_REFERER:http://madeinkent.greenrivertech.net/
HTTP_REFERER:http://madeinkent.greenrivertech.net/
HTTP_REFERER:http://madeinkent.greenrivertech.net/
HTTP_REFERER:http://madeinkent.greenrivertech.net/
HTTP_REFERER:http://madeinkent.greenrivertech.net/
HTTP_REFERER:http://madeinkent.greenrivertech.net/
HTTP_REFERER:http://madeinkent.greenrivertech.net/
HTTP_REFERER:http://madeinkent.greenrivertech.net/
HTTP_REFERER:http://madeinkent.greenrivertech.net/
HTTP_REFERER:http://madeinkent.greenrivertech.net/
HTTP_REFERER:http://madeinkent.greenrivertech.net/
HTTP_REFERER:http://madeinkent.greenrivertech.net/
HTTP_REFERER:http://madeinkent.greenrivertech.net/
HTTP_REFERER:http://madeinkent.greenrivertech.net/
HTTP_REFERER:http://madeinkent.greenrivertech.net/
HTTP_REFERER:http://madeinkent.greenrivertech.net/
HTTP_REFERER:http://madeinkent.greenrivertech.net/
HTTP_REFERER:http://madeinkent.greenrivertech.net/
HTTP_REFERER:http://madeinkent.greenrivertech.net/
HTTP_REFERER:http://madeinkent.greenrivertech.net/
HTTP_REFERER:http://madeinkent.greenrivertech.net/
HTTP_REFERER:http://madeinkent.greenrivertech.net/
HTTP_REFERER:http://madeinkent.greenrivertech.net/
HTTP_REFERER:http://madeinkent.greenrivertech.net/
HTTP_REFERER:http://madeinkent.greenrivertech.net/
HTTP_REFERER:http://madeinkent.greenrivertech.net/
HTTP_REFERER:http://madeinkent.greenrivertech.net/
HTTP_REFERER:http://madeinkent.greenrivertech.net/
HTTP_REFERER:http://madeinkent.greenrivertech.net/
HTTP_REFERER:http://madeinkent.greenrivertech.net/
HTTP_REFERER:http://madeinkent.greenrivertech.net/
HTTP_REFERER:http://madeinkent.greenrivertech.net/
HTTP_REFERER:http://madeinkent.greenrivertech.net/
HTTP_REFERER:http://madeinkent.greenrivertech.net/
HTTP_REFERER:http://madeinkent.greenrivertech.net/
HTTP_REFERER:http://madeinkent.greenrivertech.net/
HTTP_REFERER:http://madeinkent.greenrivertech.net/
HTTP_REFERER:http://madeinkent.greenrivertech.net/
HTTP_REFERER:http://madeinkent.greenrivertech.net/
HTTP_REFERER:http://madeinkent.greenrivertech.net/
HTTP_REFERER:http://madeinkent.greenrivertech.net/
HTTP_REFERER:http://madeinkent.greenrivertech.net/
HTTP_REFERER:http://madeinkent.greenrivertech.net/
HTTP_REFERER:http://madeinkent.greenrivertech.net/
HTTP_REFERER:http://madeinkent.greenrivertech.net/
HTTP_REFERER:http://madeinkent.greenrivertech.net/
HTTP_REFERER:http://madeinkent.greenrivertech.net/
HTTP_REFERER:http://madeinkent.greenrivertech.net/
HTTP_REFERER:http://madeinkent.greenrivertech.net/
HTTP_REFERER:http://madeinkent.greenrivertech.net/
HTTP_REFERER:http://madeinkent.greenrivertech.net/
HTTP_REFERER:http://madeinkent.greenrivertech.net/
HTTP_REFERER:http://madeinkent.greenrivertech.net/
HTTP_REFERER:http://madeinkent.greenrivertech.net/
HTTP_REFERER:http://madeinkent.greenrivertech.net/
HTTP_REFERER:http://madeinkent.greenrivertech.net/
HTTP_REFERER:http://madeinkent.greenrivertech.net/
HTTP_REFERER:http://madeinkent.greenrivertech.net/
HTTP_REFERER:http://madeinkent.greenrivertech.net/
HTTP_REFERER:http://madeinkent.greenrivertech.net/
HTTP_REFERER:http://madeinkent.greenrivertech.net/
HTTP_REFERER:http://madeinkent.greenrivertech.net/
HTTP_REFERER:http://madeinkent.greenrivertech.net/
HTTP_REFERER:http://madeinkent.greenrivertech.net/
HTTP_REFERER:http://madeinkent.greenrivertech.net/
HTTP_REFERER:http://madeinkent.greenrivertech.net/
HTTP_REFERER:http://madeinkent.greenrivertech.net/
HTTP_REFERER:http://madeinkent.greenrivertech.net/
HTTP_REFERER:http://madeinkent.greenrivertech.net/
HTTP_REFERER:http://madeinkent.greenrivertech.net/
HTTP_REFERER:http://madeinkent.greenrivertech.net/
HTTP_REFERER was set24.18.153.237
Token Verified:e1e6245e9906d5c4feb05ef4af0fb528
Connected to Database!
00000, , 00000, , HTTP_REFERER was set24.18.153.237
Token Verified:fb107fe8adca856f70ccb3e5cd9afff3
Connected to Database!
00000, , 00000, , HTTP_REFERER was set24.18.153.237
Token Verified:d02eacfe847bed026371b3ca88a9fc2c
Connected to Database!
00000, , 00000, , HTTP_REFERER was set24.18.153.237
Token Verified:d90a32f1e7ce589c2c3a40f9a1ff1d7f
Connected to Database!
00000, , 00000, , HTTP_REFERER was set24.18.153.237
Token Verified:708bac8b303e7b5e3d7cd4865c7fe5dc
Connected to Database!
00000, , 00000, , HTTP_REFERER was set24.18.153.237
Token Verified:88c2a4e9141718d2cf0b5948ac617489
Connected to Database!
00000, , 00000, , HTTP_REFERER was set24.18.153.237
Token Verified:1a1216c48f083e8973a82cc0c300ff5c
Connected to Database!
00000, , 00000, , HTTP_REFERER was set24.18.153.237
Token Verified:c3051189c3b575f6651d91847bc1f944
Connected to Database!
00000, , 00000, , HTTP_REFERER was set24.18.153.237
Token Verified:c686fbef490d7c5c78cc395381276eae
Connected to Database!
00000, , 00000, , HTTP_REFERER was set24.18.153.237
Token Verified:bed2703f768908e37ad6d8e7bedefb54
Connected to Database!
00000, , 00000, , HTTP_REFERER was set24.18.153.237
Token Verified:432f320e86885f98ad32ca1cb837dc91
Connected to Database!
00000, , 00000, , HTTP_REFERER was set24.18.153.237
Token Verified:33ea3f2a6c09cca325f39ee14959459e
Connected to Database!
00000, , 00000, , HTTP_REFERER was set24.18.153.237
Token Verified:c667663a5a4fe64621fef1be1f4eb155
Connected to Database!
00000, , 00000, , HTTP_REFERER was set24.18.153.237
Token Verified:d67ae2124b705a63886f8dda9d0a52d3
Connected to Database!
00000, , 00000, , HTTP_REFERER was set24.18.153.237
Token Verified:7d91b2e95ae279cbdd798dab05b75cdf
Connected to Database!
00000, , 00000, , HTTP_REFERER was set24.18.153.237
Token Verified:711082ed8bbdec7182b044f4db350076
Connected to Database!
00000, , 00000, , HTTP_REFERER was set24.18.153.237
Token Verified:d0a776cd478d8588e1fc79844b5bb5db
Connected to Database!
00000, , 00000, , HTTP_REFERER was set24.18.153.237
Token Verified:317a155a71be4cbe47d1acdd600e4fef
Connected to Database!
00000, , 00000, , HTTP_REFERER was set24.18.153.237
Token Verified:2b3535e1fefc9c12cc7b7f60f4a10270
Connected to Database!
00000, , 00000, , HTTP_REFERER was set24.18.153.237
Token Verified:17e56ca9100a41689787ff827e617429
Connected to Database!
00000, , 00000, , HTTP_REFERER was set24.18.153.237
Token Verified:5d93bab33937509fd69ca35387053a27
Connected to Database!
00000, , 00000, , HTTP_REFERER was set24.18.153.237
Token Verified:4968144c2c2e176cd57be67db8cc97ec
Connected to Database!
00000, , 00000, , HTTP_REFERER was set24.18.153.237
Token Verified:3c69f409344805f726765322a8acf6d9
Connected to Database!
00000, , 00000, , HTTP_REFERER was set24.18.153.237
Token Verified:a497bbe71b38f8dfd27f22fe72344720
Connected to Database!
00000, , 00000, , HTTP_REFERER was set24.18.153.237
Token Verified:9fa13966c60084c4d88965836bdb1b0d
Connected to Database!
00000, , 00000, , HTTP_REFERER was set24.18.153.237
Token Verified:f7ae9344e883e37b739b866a27a36d3c
Connected to Database!
00000, , 00000, , HTTP_REFERER was set24.18.153.237
Token Verified:d34e827135277e5ba886ec0daaf725f9
Connected to Database!
00000, , 00000, , HTTP_REFERER was set24.18.153.237
Token Verified:797d7372291a4b5481f55b742b89e56a
Connected to Database!
00000, , 00000, , HTTP_REFERER was set24.18.153.237
Token Verified:23d5c4349119ee3878a881c0a14a5aa2
Connected to Database!
00000, , 00000, , HTTP_REFERER was set24.18.153.237
Token Verified:88923e873b16653501cc1d949ffc5389
Connected to Database!
00000, , 00000, , HTTP_REFERER was set24.18.153.237
Token Verified:a89846a5bf01f6417043a29b8a58d32c
Connected to Database!
00000, , 00000, , HTTP_REFERER was set24.18.153.237
Token Verified:d28a24dffde68a262a040d13f5ca534d
Connected to Database!
00000, , 00000, , HTTP_REFERER was set24.18.153.237
Token Verified:271826f2159fe5ec9855de913c6c8d0f
Connected to Database!
00000, , 00000, , HTTP_REFERER was set24.18.153.237
Token Verified:998af56fdbfd118abcf5378e80fe8882
Connected to Database!
00000, , 00000, , HTTP_REFERER was set24.18.153.237
Token Verified:c2b65937186b781d85e6723856698dad
Connected to Database!
00000, , 00000, , HTTP_REFERER was set24.18.153.237
Token Verified:4476e9ff404224889c1ffcba97edb9cc
Connected to Database!
00000, , 00000, , HTTP_REFERER was set24.18.153.237
Token Verified:f566518a321a46aa1812d9777bdea786
Connected to Database!
00000, , 00000, , HTTP_REFERER was set24.18.153.237
Token Verified:f2ee4b86549730f86a34bf6f4bc364e7
Connected to Database!
00000, , 00000, , HTTP_REFERER was set24.18.153.237
Token Verified:d9222e909153b0ea8c8ebdde15c33214
Connected to Database!
00000, , 00000, , HTTP_REFERER was set24.18.153.237
Token Verified:6602eea10ea02a7231e85328b2a3c7fc
Connected to Database!
00000, , 00000, , HTTP_REFERER was set24.18.153.237
Token Verified:097e4831533fc06e5fcfed6daf991fa3
Connected to Database!
00000, , 00000, , HTTP_REFERER was set24.18.153.237
Token Verified:83973374662854e26e5f464c1cc63bb7
Connected to Database!
00000, , 00000, , HTTP_REFERER was set24.18.153.237
Token Verified:24cdca5205941816a463a60212245e3a
Connected to Database!
00000, , 00000, , HTTP_REFERER was set24.18.153.237
Token Verified:be8d17612308fbac63e815bc2f0f87f4
Connected to Database!
00000, , 00000, , HTTP_REFERER was set24.18.153.237
Token Verified:2b56dca8d0026e811d77087490e26ca7
Connected to Database!
00000, , 00000, , HTTP_REFERER was set24.18.153.237
Token Verified:1df455c2c17d44d197034fc829557667
Connected to Database!
00000, , 00000, , HTTP_REFERER was set24.18.153.237
Token Verified:077f45e4f5f7460fb8a2e3d9b0369411
Connected to Database!
00000, , 00000, , HTTP_REFERER was set24.18.153.237
Token Verified:ee6e10101d94e8f4e1dad91e918bcc56
Connected to Database!
00000, , 00000, , HTTP_REFERER was set24.18.153.237
Token Verified:6cfd76cb4e2027e164e5dd62e6f3d739
Connected to Database!
00000, , 00000, , HTTP_REFERER was set24.18.153.237
Token Verified:5cb5ac12c3d5dbd464f62648ee572913
Connected to Database!
00000, , 00000, , HTTP_REFERER was set24.18.153.237
Token Verified:9b6767a2a594f9f163e4355e0b3c6dab
Connected to Database!
00000, , 00000, , HTTP_REFERER was set24.18.153.237
Token Verified:a158f7fb303e489aa959635652a63bc4
Connected to Database!
00000, , 00000, , HTTP_REFERER was set24.18.153.237
Token Verified:717aa5b172958f0d0f78d4c2b58f367e
Connected to Database!
00000, , 00000, , HTTP_REFERER was set24.18.153.237
Token Verified:ffb25c1ba90a3e1a6ea383389e41d157
Connected to Database!
00000, , 00000, , HTTP_REFERER was set24.18.153.237
Token Verified:c6dd11c244d6bd5cc383f40d9c5013df
Connected to Database!
00000, , 00000, , HTTP_REFERER was set24.18.153.237
Token Verified:b1b6391f1771bb62c3d1d148f905b1ed
Connected to Database!
00000, , 00000, , HTTP_REFERER was set24.18.153.237
Token Verified:462273ccc95c761240e11fc1ce6fbd9d
Connected to Database!
00000, , 00000, , HTTP_REFERER was set24.18.153.237
Token Verified:d6bb9cc0cec8cb1b7cb61ad29bcf0ce1
Connected to Database!
00000, , 00000, , HTTP_REFERER was set24.18.153.237
Token Verified:52761633e881afa67cda51ae1a4fe091
Connected to Database!
00000, , 00000, , HTTP_REFERER was set24.18.153.237
Token Verified:6cc76c83a750f219a8d698d126a769a8
Connected to Database!
00000, , 00000, , HTTP_REFERER was set24.18.153.237
Token Verified:c031bf3f007b9e7a516f52efcc625c6c
Connected to Database!
00000, , 00000, , HTTP_REFERER was set24.18.153.237
Token Verified:70f5a68c29d9f65179bbbbb40d80344f
Connected to Database!
00000, , 00000, , HTTP_REFERER was set24.18.153.237
Token Verified:1d7df1849894bc334e9a59552ba2ea52
Connected to Database!
00000, , 00000, , HTTP_REFERER was set24.18.153.237
Token Verified:f3053d6f1e5403f5117e6f847fee5906
Connected to Database!
00000, , 00000, , HTTP_REFERER was set24.18.153.237
Token Verified:71a5b33256d8125e60871b1e86275948
Connected to Database!
00000, , 00000, , HTTP_REFERER was set24.18.153.237
Token Verified:e05a81029884b79272a3488ac3e0a8a3
Connected to Database!
00000, , 00000, , HTTP_REFERER was set24.18.153.237
Token Verified:7094fdc533a3fee9f60556b0697cdfaa
Connected to Database!
00000, , 00000, , HTTP_REFERER was set24.18.153.237
Token Verified:ea34a616f2d18859cb9719aede66ab0d
Connected to Database!
00000, , 00000, , HTTP_REFERER was set24.18.153.237
Token Verified:17b16a85fa0a215874f300f4fffccf1d
Connected to Database!
00000, , 00000, , HTTP_REFERER was set24.18.153.237
Token Verified:0332a6032bde99a26585a40e7f162a36
Connected to Database!
00000, , 00000, , HTTP_REFERER was set24.18.153.237
Token Verified:ca1c9d3e8ed97d2ffb52dca40a2402d3
Connected to Database!
00000, , 00000, , HTTP_REFERER was set24.18.153.237
Token Verified:476ce7fe1db33fc08a0b1ee13026ca33
Connected to Database!
00000, , 00000, , HTTP_REFERER was set24.18.153.237
Token Verified:e6957c5f64ba4960f7bc436a8463891f
Connected to Database!
00000, , 00000, , HTTP_REFERER was set24.18.153.237
Token Verified:2ab0ab4fa60e50936aa846c3e3f358f5
Connected to Database!
00000, , 00000, , HTTP_REFERER was set24.18.153.237
Token Verified:066500cf8d1ca186d476eb421d0eafef
Connected to Database!
00000, , 00000, , HTTP_REFERER was set24.18.153.237
Token Verified:b5cc26b76f7228105168f3f65e58febc
Connected to Database!
00000, , 00000, , HTTP_REFERER was set24.18.153.237
Token Verified:bc011be3ef7a77961b80b42a3b3bc610
Connected to Database!
00000, , 00000, , HTTP_REFERER was set24.18.153.237
Token Verified:d1b0a8f98390cbbbfff82bcdada7bc15
Connected to Database!
00000, , 00000, , HTTP_REFERER was set24.18.153.237
Token Verified:5ff090e44d1012e768936fc5c778ab7e
Connected to Database!
00000, , 00000, , HTTP_REFERER was set24.18.153.237
Token Verified:985f054d4aa72aa61ef951701d0dc0f3
Connected to Database!
00000, , 00000, , HTTP_REFERER was set24.18.153.237
Token Verified:6e5671f36365c8f443f5d94030ce9955
Connected to Database!
00000, , 00000, , HTTP_REFERER was set24.18.153.237
Token Verified:9d2577bfb6154643ee2cc65964c9b62d
Connected to Database!
00000, , 00000, , HTTP_REFERER was set24.18.153.237
Token Verified:6c46d7b225a02945298080c1007c8705
Connected to Database!
00000, , 00000, , HTTP_REFERER was set24.18.153.237
Token Verified:7c2849659d5fbb5ed50ea5e8b0b39523
Connected to Database!
00000, , 00000, , HTTP_REFERER was set24.18.153.237
Token Verified:5b912d6e138e5174595807a5ec493a42
Connected to Database!
00000, , 00000, , HTTP_REFERER was set24.18.153.237
Token Verified:801d2793627195ad28486a4c96a01421
Connected to Database!
00000, , 00000, , HTTP_REFERER was set24.18.153.237
Token Verified:c83efa4ad52b4832e30e966aea9e8915
Connected to Database!
00000, , 00000, , HTTP_REFERER was set24.18.153.237
Token Verified:838e1e27f2e875f8cbdc8c825b3a5d95
Connected to Database!
00000, , 00000, , HTTP_REFERER was set24.18.153.237
Token Verified:b9873f509ac4171ed559c13c9f177037
Connected to Database!
00000, , 00000, , HTTP_REFERER was set24.18.153.237
Token Verified:7af8ce3f7cecbdf69052637b3672b19b
Connected to Database!
00000, , 00000, , HTTP_REFERER was set24.18.153.237
Token Verified:96c9ecae7df816d017d1c7f68da859e8
Connected to Database!
00000, , 00000, , HTTP_REFERER was set24.18.153.237
Token Verified:cb21e610b428903bca13847ed878ebd6
Connected to Database!
00000, , 00000, , HTTP_REFERER was set24.18.153.237
Token Verified:547a1d3b68c1a20042aa1a0f6bdf3152
Connected to Database!
00000, , 00000, , HTTP_REFERER was set24.18.153.237
Token Verified:1b2eb6db94d85315aa2008788ee957f2
Connected to Database!
00000, , 00000, , HTTP_REFERER was set24.18.153.237
Token Verified:e7c309206ec385634884959c5d3918bf
Connected to Database!
00000, , 00000, , HTTP_REFERER was set24.18.153.237
Token Verified:a7514774349689ac2c1a8d265b29569f
Connected to Database!
00000, , 00000, , HTTP_REFERER was set24.18.153.237
Token Verified:9a6e74660c277f0bfe5f56c6ac6d65c5
Connected to Database!
00000, , 00000, , HTTP_REFERER was set24.18.153.237
Token Verified:f5c96f0f085db07bc1e5335733949134
Connected to Database!
00000, , 00000, , HTTP_REFERER was set24.18.153.237
Token Verified:5e37b02cd6ba4c758f6449605c811a26
Connected to Database!
00000, , 00000, , HTTP_REFERER was set24.18.153.237
Token Verified:c3c7516e54e9cf21405b1da92aac5948
Connected to Database!
00000, , 00000, , HTTP_REFERER was set24.18.153.237
Token Verified:446f15e5945dd864f6ad581fb9a85836
Connected to Database!
00000, , 00000, , HTTP_REFERER was set24.18.153.237
Token Verified:7c33109b6bdb40269ba7f77c2e25c0a7
Connected to Database!
00000, , 00000, , HTTP_REFERER was set24.18.153.237
Token Verified:8108e36d566f27c42eded1926d466917
Connected to Database!
00000, , 00000, , HTTP_REFERER was set24.18.153.237
Token Verified:417db91a40ad467562cd93f90630b80b
Connected to Database!
00000, , 00000, , HTTP_REFERER was set24.18.153.237
Token Verified:35fad111243675c7b05b900213d5e665
Connected to Database!
00000, , 00000, , HTTP_REFERER was set24.18.153.237
Token Verified:b33f8514b76dbf4b927b478a1ff4ef1d
Connected to Database!
00000, , 00000, , HTTP_REFERER was set24.18.153.237
Token Verified:47aa7b67dd2aeaabd632e7559976a964
Connected to Database!
00000, , 00000, , HTTP_REFERER was set24.18.153.237
Token Verified:b16128e60a151d96d4cbe9211806afe7
Connected to Database!
00000, , 00000, , HTTP_REFERER was set24.18.153.237
Token Verified:f4c86364187cc125b5a9e99bb9072351
Connected to Database!
00000, , 00000, , HTTP_REFERER was set24.18.153.237
Token Verified:1d475c6832d195134f88ebc18365f2c2
Connected to Database!
00000, , 00000, , HTTP_REFERER was set24.18.153.237
Token Verified:c1e9260c4fefc6010f9534c2f7d4ba68
Connected to Database!
00000, , 00000, , HTTP_REFERER was set24.18.153.237
Token Verified:40f37aa4696c7853e71292d52fc4194c
Connected to Database!
00000, , 00000, , HTTP_REFERER was set24.18.153.237
Token Verified:b2dbb3c4c83d2e3c65f1b20ab3381d1e
Connected to Database!
00000, , 00000, , HTTP_REFERER was set24.18.153.237
Token Verified:768a5b35d0014bdad8012c72e002baf5
Connected to Database!
00000, , 00000, , HTTP_REFERER was set24.18.153.237
Token Verified:a9bc957b99826294808fbaebb75f73f8
Connected to Database!
00000, , 00000, , HTTP_REFERER was set24.18.153.237
Token Verified:4eb083e36f4133dc703350559b61e02f
Connected to Database!
00000, , 00000, , HTTP_REFERER was set24.18.153.237
Token Verified:eb855376bf794ff40d4fd11ea315226f
Connected to Database!
00000, , 00000, , HTTP_REFERER was set24.18.153.237
Token Verified:96ac8d6d87d4f996397ef8f04936c1fa
Connected to Database!
00000, , 00000, , HTTP_REFERER was set73.35.245.109
Token Verified:45a7d10c029d005b7e7c99c17984322c
Connected to Database!
00000, , 00000, , HTTP_REFERER was set73.35.245.109
Token Verified:8af5cd0ed9d9557079daf010c1b07171
Connected to Database!
00000, , 00000, , HTTP_REFERER was set73.35.245.109
Token Verified:3a02f33be31181dbc6004b2d52ec08ee
Connected to Database!
00000, , 00000, , HTTP_REFERER was set73.35.245.109
Token Verified:eef79c7d50a061bc17ca14dd200a1b14
Connected to Database!
00000, , 00000, , HTTP_REFERER was set73.35.245.109
Token Verified:0aced7d04daecb0db3ecf5c9365166bf
Connected to Database!
00000, , 00000, , HTTP_REFERER was set73.35.245.109
Token Verified:3097105deafaaf1a54cf2e89beba532c
Connected to Database!
00000, , 00000, , HTTP_REFERER was set73.35.245.109
Token Verified:ca06ce2d358a40b400e747916af865c7
Connected to Database!
00000, , 00000, , HTTP_REFERER was set73.35.245.109
Token Verified:1648fa6fc8643a7e3d219eec3b8ac242
Connected to Database!
00000, , 00000, , HTTP_REFERER was set73.35.245.109
Token Verified:844beb267c103b0afdee67a18abd3b8a
Connected to Database!
00000, , 00000, , HTTP_REFERER was set73.35.245.109
Token Verified:1f4bbff78a5e94ee468006f83d7c67f1
Connected to Database!
00000, , 00000, , HTTP_REFERER was set73.35.245.109
Token Verified:a7c4af751ccc4b9b17b7f459bf28eefd
Connected to Database!
00000, , 00000, , HTTP_REFERER was set134.39.101.32
Token Verified:9baf3295181fb8a251bc91a796badda7
Connected to Database!
00000, , 00000, , HTTP_REFERER was set134.39.101.32
Token Verified:b339dc5d55ed468c16594485a6824ffe
Connected to Database!
00000, , 00000, , HTTP_REFERER was set134.39.101.32
Token Verified:a75acefe10ebfa01ed3ab81a3ee4f1f9
Connected to Database!
00000, , 00000, , HTTP_REFERER was set134.39.101.32
Token Verified:a7b70261e1755c85c38ba0446e6a22d9
Connected to Database!
00000, , 00000, , HTTP_REFERER was set134.39.101.32
Token Verified:266a79c2121d0658223f3e5ae4a0ea47
Connected to Database!
00000, , 00000, , HTTP_REFERER was set134.39.101.32
Token Verified:4bcb14915a22697a2e0c588ba025abb4
Connected to Database!
00000, , 00000, , HTTP_REFERER was set134.39.101.32
Token Verified:abc42f7dc37633f6eb3ef8a777dcf136
Connected to Database!
00000, , 00000, , HTTP_REFERER was set134.39.101.32
Token Verified:011b4fd04eb24e99ef66eae8b8aecc75
Connected to Database!
00000, , 00000, , HTTP_REFERER was set134.39.101.32
Token Verified:b9c2a29759dcc73ec5cd424a450765e5
Connected to Database!
00000, , 00000, , HTTP_REFERER was set134.39.101.32
Token Verified:585ea08dc7478d5cb12fed049bc5b191
Connected to Database!
00000, , 00000, , HTTP_REFERER was set134.39.101.32
Token Verified:fbe3d9320a2ff80daf392bae996f0d34
Connected to Database!
00000, , 00000, , HTTP_REFERER was set73.118.189.30
Token Verified:803319705a7fc476f6a24e27a135c439
Connected to Database!
00000, , 00000, , HTTP_REFERER was set73.118.189.30
Token Verified:4237947e74010479d227c4ca81e8d5b2
Connected to Database!
00000, , 00000, , HTTP_REFERER was set73.118.189.30
Token Verified:4dfda9b952fb49f170297c00419a2260
Connected to Database!
00000, , 00000, , HTTP_REFERER was set73.118.189.30
Token Verified:40e986c43828613e8b95afa43c20fc06
Connected to Database!
00000, , 00000, , HTTP_REFERER was set73.118.189.30
Token Verified:fc79638adc97c34ac8dc82b8e07caca0
Connected to Database!
00000, , 00000, , HTTP_REFERER was set73.118.189.30
Token Verified:e9a2a0f7093409a2fe38f049ff00f238
Connected to Database!
00000, , 00000, , HTTP_REFERER was set73.118.189.30
Token Verified:b168d23df0f269fde96df93f39671b17
Connected to Database!
00000, , 00000, , HTTP_REFERER was set73.118.189.30
Token Verified:1b0e80bdbe0c97b6e5502430d6c9405c
Connected to Database!
00000, , 00000, , HTTP_REFERER was set73.118.189.30
Token Verified:54f0b78b3ed0b164e8c97daefd0fa2e4
Connected to Database!
00000, , 00000, , HTTP_REFERER was set73.118.189.30
Token Verified:b22a00dc247e06e2e08a8f84bd16331d
Connected to Database!
00000, , 00000, , HTTP_REFERER was set73.118.189.30
Token Verified:44850ba0f2b9c6b2f0260537c966aa06
Connected to Database!
00000, , 00000, , HTTP_REFERER was set73.118.189.30
Token Verified:a576759cc727192e59e765492e47d6a1
Connected to Database!
00000, , 00000, , HTTP_REFERER was set73.118.189.30
Token Verified:e426c925c03ba0b570e06d6f4f48d80c
Connected to Database!
00000, , 00000, , HTTP_REFERER was set73.118.189.30
Token Verified:0128b1d344fca279393ddf6dee1e9335
Connected to Database!
00000, , 00000, , HTTP_REFERER was set73.118.189.30
Token Verified:d79732ceb9a3df90f823d5cf5129a8cc
Connected to Database!
00000, , 00000, , HTTP_REFERER was set73.118.189.30
Token Verified:7ff788fbc9c596f9500871ae19d6e1a2
Connected to Database!
00000, , 00000, , HTTP_REFERER was set73.118.189.30
Token Verified:ff2f7f326197f315c83bbaa572dcb4ef
Connected to Database!
00000, , 00000, , HTTP_REFERER was set73.118.189.30
Token Verified:56c33ec8c85226215e0e2282cfbb7fef
Connected to Database!
00000, , 00000, , HTTP_REFERER was set73.118.189.30
Token Verified:dfff785a6e8612e93eb720c17a82a394
Connected to Database!
00000, , 00000, , HTTP_REFERER was set73.118.189.30
Token Verified:9c02b1ad6d05f8f7814881f5d0695754
Connected to Database!
00000, , 00000, , HTTP_REFERER was set73.118.189.30
Token Verified:c62b2adf75176034644390f540333727
Connected to Database!
00000, , 00000, , HTTP_REFERER was set73.118.189.30
Token Verified:b08f4da41216651f2aa771cf0050fe97
Connected to Database!
00000, , 00000, , HTTP_REFERER was set64.38.150.186
Token Verified:02d22a5225fb2ba356032a22dff2ae26
Connected to Database!
00000, , 00000, , HTTP_REFERER was set64.38.150.186
Token Verified:73e59a00abcb4e8b709dcd437fd7bfc2
Connected to Database!
00000, , 00000, , HTTP_REFERER was set64.38.150.186
Token Verified:5fbc5093ea7f5f65a6528778da823e4c
Connected to Database!
00000, , 00000, , HTTP_REFERER was set64.38.150.186
Token Verified:14230d3124d992395593db866e887f40
Connected to Database!
00000, , 00000, , HTTP_REFERER was set64.38.150.186
Token Verified:d0fb0f12324e736a02c48d770ba0809a
Connected to Database!
00000, , 00000, , HTTP_REFERER was set64.38.150.186
Token Verified:6b9159fb66e468c370289106d507c3e5
Connected to Database!
00000, , 00000, , HTTP_REFERER was set64.38.150.186
Token Verified:76838a610f06a15923d90adf500be082
Connected to Database!
00000, , 00000, , HTTP_REFERER was set64.38.150.186
Token Verified:31bdeb0b88bb3c6c3fcc59fb7681092a
Connected to Database!
00000, , 00000, , HTTP_REFERER was set64.38.150.186
Token Verified:397a0c6946102e1b7dde4ef08d579587
Connected to Database!
00000, , 00000, , HTTP_REFERER was set64.38.150.186
Token Verified:7d0d9a78c83261e9945f04f5fc4e5e4d
Connected to Database!
00000, , 00000, , HTTP_REFERER was set64.38.150.186
Token Verified:467537b3bd876814fb901dd0692b4d58
Connected to Database!
00000, , 00000, , HTTP_REFERER was set134.39.101.164
Token Verified:5da5458d57690db5a17e472444ac8580
Connected to Database!
00000, , 00000, , HTTP_REFERER was set134.39.101.164
Token Verified:69bb9ac74cb3483abfd038a49a49a6ab
Connected to Database!
00000, , 00000, , HTTP_REFERER was set134.39.101.164
Token Verified:d351313c1295c65d9c3db2621eeaa97f
Connected to Database!
00000, , 00000, , HTTP_REFERER was set134.39.101.164
Token Verified:366bc8d5b308d21c310fa770f7d75d73
Connected to Database!
00000, , 00000, , HTTP_REFERER was set134.39.101.164
Token Verified:061119808253a7413a03e91587952a75
Connected to Database!
00000, , 00000, , HTTP_REFERER was set134.39.101.164
Token Verified:f349e04986ccadf3c2835651846e124d
Connected to Database!
00000, , 00000, , HTTP_REFERER was set134.39.101.164
Token Verified:e9739909d23cc6013adf5fa2fb10ffa9
Connected to Database!
00000, , 00000, , HTTP_REFERER was set134.39.101.164
Token Verified:50245e80724f07547406907bcc8049cb
Connected to Database!
00000, , 00000, , HTTP_REFERER was set134.39.101.164
Token Verified:2f2c7f69892e8f25f5cb67c758ba8e4b
Connected to Database!
00000, , 00000, , HTTP_REFERER was set134.39.101.164
Token Verified:0a3f2c154563246c670b56a47e31f549
Connected to Database!
00000, , 00000, , HTTP_REFERER was set134.39.101.164
Token Verified:14eed6dd3d81d8b2fe0ad0846f023f8c
Connected to Database!
00000, , 00000, , HTTP_REFERER was set134.39.101.32
Token Verified:8a88110800c7a62fb6e4435a0ba72d74
Connected to Database!
00000, , 00000, , HTTP_REFERER was set134.39.101.32
Token Verified:971e412a74df9359f5d9fe127132a9d2
Connected to Database!
00000, , 00000, , HTTP_REFERER was set134.39.101.32
Token Verified:b53a9c42741f2bfe6af9e569ab1f91bd
Connected to Database!
00000, , 00000, , HTTP_REFERER was set134.39.101.32
Token Verified:55eb3513b8c06bc13c4eca760ffb31a4
Connected to Database!
00000, , 00000, , HTTP_REFERER was set134.39.101.32
Token Verified:d7d9371bcfb37022c12b9588706ffd74
Connected to Database!
00000, , 00000, , HTTP_REFERER was set134.39.101.32
Token Verified:75b92da3fa6426cc7bcbadfd9f7ffce5
Connected to Database!
00000, , 00000, , HTTP_REFERER was set134.39.101.32
Token Verified:c86108efdf4682f1de8ae6a7b21ba2b6
Connected to Database!
00000, , 00000, , HTTP_REFERER was set134.39.101.32
Token Verified:21d131870ca43ee89410bb170c03668c
Connected to Database!
00000, , 00000, , HTTP_REFERER was set134.39.101.32
Token Verified:b2ae41e10e9555d9d486fb5b182d2b3b
Connected to Database!
00000, , 00000, , HTTP_REFERER was set134.39.101.32
Token Verified:0e516846e7234948cfbd6f203e1ee6fd
Connected to Database!
00000, , 00000, , HTTP_REFERER was set134.39.101.32
Token Verified:e3f3fcb4b79a010d2533fea317f81af7
Connected to Database!
00000, , 00000, , HTTP_REFERER:http://madeinkent.greenrivertech.net/index.php
HTTP_REFERER:http://madeinkent.greenrivertech.net/index.php
HTTP_REFERER:http://madeinkent.greenrivertech.net/index.php
HTTP_REFERER:http://madeinkent.greenrivertech.net/index.php
HTTP_REFERER:http://madeinkent.greenrivertech.net/index.php
HTTP_REFERER:http://madeinkent.greenrivertech.net/index.php
HTTP_REFERER:http://madeinkent.greenrivertech.net/index.php
HTTP_REFERER:http://madeinkent.greenrivertech.net/index.php
HTTP_REFERER:http://madeinkent.greenrivertech.net/index.php
HTTP_REFERER:http://madeinkent.greenrivertech.net/index.php
HTTP_REFERER:http://madeinkent.greenrivertech.net/index.php
HTTP_REFERER was set168.156.136.51
Token Verified:c330917de1a111180ffe037cdeb0b8f3
Connected to Database!
00000, , 00000, , HTTP_REFERER was set168.156.136.51
Token Verified:182abb7592cee4d7e13cf458f11659dd
Connected to Database!
00000, , 00000, , HTTP_REFERER was set168.156.136.51
Token Verified:a6652f62e263b4de6ac983ce79eb3bd8
Connected to Database!
00000, , 00000, , HTTP_REFERER was set168.156.136.51
Token Verified:0d11a51123ec550fa10c2b250940041c
Connected to Database!
00000, , 00000, , HTTP_REFERER was set168.156.136.51
Token Verified:2e077296ec47ce9ba8bef96329b1a30a
Connected to Database!
00000, , 00000, , HTTP_REFERER was set168.156.136.51
Token Verified:1b09f6e710725077d0a08739185290d7
Connected to Database!
00000, , 00000, , HTTP_REFERER was set168.156.136.51
Token Verified:76bac105efd1e8e5ed581f11cfaae875
Connected to Database!
00000, , 00000, , HTTP_REFERER was set168.156.136.51
Token Verified:6e7c9e91f0b8826e963de2ebfeda442c
Connected to Database!
00000, , 00000, , HTTP_REFERER was set168.156.136.51
Token Verified:69e9d02947fa722d83084c44de8dbe96
Connected to Database!
00000, , 00000, , HTTP_REFERER was set168.156.136.51
Token Verified:243ffd67b077c496d5732dd4c3f658b8
Connected to Database!
00000, , 00000, , HTTP_REFERER was set168.156.136.51
Token Verified:b624674d2271bc84e371c397130b10c0
Connected to Database!
00000, , 00000, , HTTP_REFERER:http://madeinkent.greenrivertech.net/index.php
HTTP_REFERER:http://madeinkent.greenrivertech.net/index.php
HTTP_REFERER:http://madeinkent.greenrivertech.net/index.php
HTTP_REFERER:http://madeinkent.greenrivertech.net/index.php
HTTP_REFERER:http://madeinkent.greenrivertech.net/index.php
HTTP_REFERER:http://madeinkent.greenrivertech.net/index.php
HTTP_REFERER:http://madeinkent.greenrivertech.net/index.php
HTTP_REFERER:http://madeinkent.greenrivertech.net/index.php
HTTP_REFERER:http://madeinkent.greenrivertech.net/index.php
HTTP_REFERER:http://madeinkent.greenrivertech.net/index.php
HTTP_REFERER:http://madeinkent.greenrivertech.net/index.php
HTTP_REFERER was set134.39.101.164
Token Verified:2143398a69ab8790117b139611ae613b
Connected to Database!
00000, , 00000, , HTTP_REFERER was set134.39.101.164
Token Verified:7f40901a83ce3e3988d1357caf5a3f5a
Connected to Database!
00000, , 00000, , HTTP_REFERER was set134.39.101.164
Token Verified:461c1090a7f81b633471e48fdc6a978f
Connected to Database!
00000, , 00000, , HTTP_REFERER was set134.39.101.164
Token Verified:9804ebb5ad3f8f1a816ed2a9bf41f9e6
Connected to Database!
00000, , 00000, , HTTP_REFERER was set134.39.101.164
Token Verified:513bae923c663f22157c31bf4dc88344
Connected to Database!
00000, , 00000, , HTTP_REFERER was set134.39.101.164
Token Verified:d7a11a6b6dcb85750832671e4c24879d
Connected to Database!
00000, , 00000, , HTTP_REFERER was set134.39.101.164
Token Verified:ba7adab52cdfcf3133bb69c4103b8a5d
Connected to Database!
00000, , 00000, , HTTP_REFERER was set134.39.101.164
Token Verified:6f31e9476dc107fd8588757af6513cc2
Connected to Database!
00000, , 00000, , HTTP_REFERER was set134.39.101.164
Token Verified:f6e13ca1a157e77add5d4c5169d5c4d0
Connected to Database!
00000, , 00000, , HTTP_REFERER was set134.39.101.164
Token Verified:c6959d581006b8529222eac7eafd5455
Connected to Database!
00000, , 00000, , HTTP_REFERER was set134.39.101.164
Token Verified:a16e55f0078e0889e9347a569a1c4ab0
Connected to Database!
00000, , 00000, , HTTP_REFERER was set134.39.101.165
Token Verified:8bea5deeb41921fda778e4bad9bae219
Connected to Database!
00000, , 00000, , HTTP_REFERER was set134.39.101.165
Token Verified:806c6877d71d66b270a14c10348438db
Connected to Database!
00000, , 00000, , HTTP_REFERER was set134.39.101.165
Token Verified:0c462468973025c9ded9b2693f3b7d6b
Connected to Database!
00000, , 00000, , HTTP_REFERER was set134.39.101.165
Token Verified:a5e6421a7753af7c1383a4b67a795d81
Connected to Database!
00000, , 00000, , HTTP_REFERER was set134.39.101.165
Token Verified:d8f5e2d1127192c591d33ad27e7c7f85
Connected to Database!
00000, , 00000, , HTTP_REFERER was set134.39.101.165
Token Verified:1bb037546da1ea4c41e081ed5796a160
Connected to Database!
00000, , 00000, , HTTP_REFERER was set134.39.101.165
Token Verified:bc782a72c2158cab15ce3c59c8285885
Connected to Database!
00000, , 00000, , HTTP_REFERER was set134.39.101.165
Token Verified:37a595e0b11bedc7846c0b9700217ce3
Connected to Database!
00000, , 00000, , HTTP_REFERER was set134.39.101.165
Token Verified:9c41867209fb02c83fbe51ae5962e7d9
Connected to Database!
00000, , 00000, , HTTP_REFERER was set134.39.101.165
Token Verified:4e32b995d641a6a472b3aff9e5d0c168
Connected to Database!
00000, , 00000, , HTTP_REFERER was set134.39.101.165
Token Verified:8de6b3ab5c4e22fc7d5c382ac6f9be04
Connected to Database!
00000, , 00000, , HTTP_REFERER:http://madeinkent.greenrivertech.net/index.php
HTTP_REFERER:http://madeinkent.greenrivertech.net/index.php
HTTP_REFERER:http://madeinkent.greenrivertech.net/index.php
HTTP_REFERER:http://madeinkent.greenrivertech.net/index.php
HTTP_REFERER:http://madeinkent.greenrivertech.net/index.php
HTTP_REFERER:http://madeinkent.greenrivertech.net/index.php
HTTP_REFERER:http://madeinkent.greenrivertech.net/index.php
HTTP_REFERER:http://madeinkent.greenrivertech.net/index.php
HTTP_REFERER:http://madeinkent.greenrivertech.net/index.php
HTTP_REFERER:http://madeinkent.greenrivertech.net/index.php
HTTP_REFERER:http://madeinkent.greenrivertech.net/index.php
HTTP_REFERER was set168.156.136.51
Token Verified:885b953936088bbabf06a1f931df915d
Connected to Database!
00000, , 00000, , HTTP_REFERER was set168.156.136.51
Token Verified:e84ec295fc14831f39498c9cea50053e
Connected to Database!
00000, , 00000, , HTTP_REFERER was set168.156.136.51
Token Verified:be1649d083c39ec71f349ff19ded9a24
Connected to Database!
00000, , 00000, , HTTP_REFERER was set168.156.136.51
Token Verified:efbf74e4b3f8fb28481396214454463c
Connected to Database!
00000, , 00000, , HTTP_REFERER was set168.156.136.51
Token Verified:bc363448e58f76cda17259b16033ceeb
Connected to Database!
00000, , 00000, , HTTP_REFERER was set168.156.136.51
Token Verified:acf43418931be917ffa1d3a129bbe4f4
Connected to Database!
00000, , 00000, , HTTP_REFERER was set168.156.136.51
Token Verified:ac965838cbaa61ea6cfe261c357d0afb
Connected to Database!
00000, , 00000, , HTTP_REFERER was set168.156.136.51
Token Verified:882100645593ee40f3fd9dd1acb7fd4a
Connected to Database!
00000, , 00000, , HTTP_REFERER was set168.156.136.51
Token Verified:1283fbaffb93765813e20aa792e9acf8
Connected to Database!
00000, , 00000, , HTTP_REFERER was set168.156.136.51
Token Verified:1a9798dc81b02e703c6c55750fc72b4f
Connected to Database!
00000, , 00000, , HTTP_REFERER was set168.156.136.51
Token Verified:f531d12a512a8567496c1e23805eddaa
Connected to Database!
00000, , 00000, , HTTP_REFERER was set134.39.101.164
Token Verified:ae104ae4d6638ea526b641c8b6f37bb3
Connected to Database!
00000, , 00000, , HTTP_REFERER was set134.39.101.164
Token Verified:9b52baaa64f999ad066dcaca97993e57
Connected to Database!
00000, , 00000, , HTTP_REFERER was set134.39.101.164
Token Verified:721f881b5f6838c903c3219088acdb85
Connected to Database!
00000, , 00000, , HTTP_REFERER was set134.39.101.164
Token Verified:9b7331706e66f59055f79fe0b30d45ad
Connected to Database!
00000, , 00000, , HTTP_REFERER was set134.39.101.164
Token Verified:ed8071db658fa10d2e0f64f6bc4d127b
Connected to Database!
00000, , 00000, , HTTP_REFERER was set134.39.101.164
Token Verified:02d7dff1dab39cf23ffffe75b66c4614
Connected to Database!
00000, , 00000, , HTTP_REFERER was set134.39.101.164
Token Verified:1c80aedc488095976f8541d910c5e486
Connected to Database!
00000, , 00000, , HTTP_REFERER was set134.39.101.164
Token Verified:25ed54c31759ddb8a8f21d9ce13ab935
Connected to Database!
00000, , 00000, , HTTP_REFERER was set134.39.101.164
Token Verified:bfc395d6c46dae425445283bfd01478a
Connected to Database!
00000, , 00000, , HTTP_REFERER was set134.39.101.164
Token Verified:2bcdfadd76a83999a7c51b15faf035dc
Connected to Database!
00000, , 00000, , HTTP_REFERER was set134.39.101.164
Token Verified:b81994850388be7c57bf8fe6b4ab696f
Connected to Database!
00000, , 00000, , HTTP_REFERER was set168.156.136.51
Token Verified:471fa85339a002779fabd15400f6a25e
Connected to Database!
00000, , 00000, , HTTP_REFERER was set168.156.136.51
Token Verified:da05604e9f001a569282aa82936d72f7
Connected to Database!
00000, , 00000, , HTTP_REFERER was set168.156.136.51
Token Verified:f4ec2ddaae9d2df17c7a35b80624e055
Connected to Database!
00000, , 00000, , HTTP_REFERER was set168.156.136.51
Token Verified:f818fb4490382d87fd8f0c46c1a5b694
Connected to Database!
00000, , 00000, , HTTP_REFERER was set168.156.136.51
Token Verified:1b52fffc1fa223a3ce873c8a277dff29
Connected to Database!
00000, , 00000, , HTTP_REFERER was set168.156.136.51
Token Verified:e5bd2809991af4d475107584d834e99d
Connected to Database!
00000, , 00000, , HTTP_REFERER was set168.156.136.51
Token Verified:17fddf15e134ea30ad6b810221a7a2ec
Connected to Database!
00000, , 00000, , HTTP_REFERER was set168.156.136.51
Token Verified:2e3d087ea6753c15b5cd4c5d7f06f6b9
Connected to Database!
00000, , 00000, , 